node.exe : Loaded 
Prisma config from 
prisma.config.ts.
At line:1 char:1
+ & "C:\Program 
Files\nodejs/node.exe" 
"C:\Program 
Files\nodejs/node_mo 
...
+ ~~~~~~~~~~~~~~~~~~~~~
~~~~~~~~~~~~~~~~~~~~~~~
~~~~~~~~~~~~~~~~~~~~~~~
~~
    + CategoryInfo     
         : NotSpecifi  
  ed: (Loaded Prisma   
  c...isma.config.t    
s.:String) [], Rem    
oteException
    + FullyQualifiedEr 
   rorId : NativeComm  
  andError
 

Prisma schema loaded 
from 
prisma\schema.prisma.

Γ£ö Generated Prisma Client (v7.4.2) to .\node_modules\@prisma\client in 206ms

Start by importing your Prisma Client (See: https://pris.ly/d/importing-client)


